{"name": "test_buy_product[3]", "status": "broken", "statusDetails": {"message": "selenium.common.exceptions.NoSuchElementException: Message: В корзине 2 продуктов: ['Мужские Кожаные Ботинки Topaz C3', 'Мужское Худи Element Forces'] , на сумму: 9890 Р.  \n Не в корзине ['Мужские Зауженные Джинсы Element E02']", "trace": "self = <pages.cart_page.Cart_page object at 0x0000019CCE5C2F20>\ngetters = [('//a[@href=\"/product/z1pnb1-elf1-504-muzhskie-zauzhennye-dzhinsy-element-e02\"]', 'Мужские Зауженные Джинсы Element E...инки Topaz C3'), ('//a[@href=\"/product/w1hob1-elp1-967-muzhskoe-hudi-element-forces\"]', 'Мужское Худи Element Forces')]\n\n    def cart_check(self, getters):\n        with allure.step('Cart check'):\n            Logger.add_start_step(method='cart_check')\n            in_cart = []\n            not_in_cart = []\n            for product in getters:\n                try:\n                    WebDriverWait(self.driver, 10).until(EC.element_to_be_clickable((By.XPATH, product[0])))\n                    in_cart.append(product[1])\n                except:\n                    not_in_cart.append(product[1])\n            if len(not_in_cart) > 0:\n                try:\n>                   raise NoSuchElementException(f'В корзине {len(in_cart)} продуктов: {in_cart} , на сумму: {self.get_total_price(self.total_price).text}.  \\n Не в корзине {not_in_cart}')\nE                   selenium.common.exceptions.NoSuchElementException: Message: В корзине 2 продуктов: ['Мужские Кожаные Ботинки Topaz C3', 'Мужское Худи Element Forces'] , на сумму: 15833 Р.  \nE                    Не в корзине ['Мужские Зауженные Джинсы Element E02']\n\npages\\cart_page.py:44: NoSuchElementException\n\nDuring handling of the above exception, another exception occurred:\n\nset_group = None, execution_number = 3\n\n    @pytest.mark.parametrize('execution_number', range(1, 6))\n    def test_buy_product(set_group, execution_number):\n        options = webdriver.ChromeOptions()\n        options.add_argument('log-level=3')  # отключение предупреждения ошибки рукопожатия\n    \n        s = Service('D:\\\\test_shop_project\\\\chromedriver.exe')\n        driver = webdriver.Chrome(service=s, options=options)\n    \n        mp = Main_page(driver)\n        time.sleep(2)\n        mp.select_brand_element()\n    \n        bp = Brand_page(driver)\n        time.sleep(2)\n        bp.select_cats()\n        time.sleep(2)\n        bp.select_products()\n        time.sleep(2)\n    \n        cp = Cart_page(driver)\n>       cp.info_cart()\n\ntests\\test_buy_products.py:32: \n_ _ _ _ _ _ _ _ _ _ _ _ _ _ _ _ _ _ _ _ _ _ _ _ _ _ _ _ _ _ _ _ _ _ _ _ _ _ _ _ _ _ _ _ _ _ _ _ _ _ _ _ _ _ _ _ _ _ _ _ _ _ _ _ _ _ _ _ _ _ _ _ _ _ _ _ _ _ _ _ _ _ _ _ _ _ _ _ _ _ _ _ _ _ _ _ _ _ _ _ _ _ \npages\\cart_page.py:54: in info_cart\n    self.cart_check(products)\n_ _ _ _ _ _ _ _ _ _ _ _ _ _ _ _ _ _ _ _ _ _ _ _ _ _ _ _ _ _ _ _ _ _ _ _ _ _ _ _ _ _ _ _ _ _ _ _ _ _ _ _ _ _ _ _ _ _ _ _ _ _ _ _ _ _ _ _ _ _ _ _ _ _ _ _ _ _ _ _ _ _ _ _ _ _ _ _ _ _ _ _ _ _ _ _ _ _ _ _ _ _ \n\nself = <pages.cart_page.Cart_page object at 0x0000019CCE5C2F20>\ngetters = [('//a[@href=\"/product/z1pnb1-elf1-504-muzhskie-zauzhennye-dzhinsy-element-e02\"]', 'Мужские Зауженные Джинсы Element E...инки Topaz C3'), ('//a[@href=\"/product/w1hob1-elp1-967-muzhskoe-hudi-element-forces\"]', 'Мужское Худи Element Forces')]\n\n    def cart_check(self, getters):\n        with allure.step('Cart check'):\n            Logger.add_start_step(method='cart_check')\n            in_cart = []\n            not_in_cart = []\n            for product in getters:\n                try:\n                    WebDriverWait(self.driver, 10).until(EC.element_to_be_clickable((By.XPATH, product[0])))\n                    in_cart.append(product[1])\n                except:\n                    not_in_cart.append(product[1])\n            if len(not_in_cart) > 0:\n                try:\n                    raise NoSuchElementException(f'В корзине {len(in_cart)} продуктов: {in_cart} , на сумму: {self.get_total_price(self.total_price).text}.  \\n Не в корзине {not_in_cart}')\n                except:\n>                   raise NoSuchElementException(f'В корзине {len(in_cart)} продуктов: {in_cart} , на сумму: {self.get_total_price(self.price_1_order).text}.  \\n Не в корзине {not_in_cart}')\nE                   selenium.common.exceptions.NoSuchElementException: Message: В корзине 2 продуктов: ['Мужские Кожаные Ботинки Topaz C3', 'Мужское Худи Element Forces'] , на сумму: 9890 Р.  \nE                    Не в корзине ['Мужские Зауженные Джинсы Element E02']\n\npages\\cart_page.py:46: NoSuchElementException"}, "steps": [{"name": "Select brand element", "status": "passed", "start": 1671996378297, "stop": 1671996386420}, {"name": "Select products", "status": "passed", "start": 1671996400796, "stop": 1671996427029}, {"name": "Cart check", "status": "broken", "statusDetails": {"message": "selenium.common.exceptions.NoSuchElementException: Message: В корзине 2 продуктов: ['Мужские Кожаные Ботинки Topaz C3', 'Мужское Худи Element Forces'] , на сумму: 9890 Р.  \n Не в корзине ['Мужские Зауженные Джинсы Element E02']\n\n", "trace": "  File \"D:\\test_shop_project\\pages\\cart_page.py\", line 46, in cart_check\n    raise NoSuchElementException(f'В корзине {len(in_cart)} продуктов: {in_cart} , на сумму: {self.get_total_price(self.price_1_order).text}.  \\n Не в корзине {not_in_cart}')\n"}, "start": 1671996429042, "stop": 1671996439422}], "attachments": [{"name": "stdout", "source": "80193166-e3c1-423a-ab83-bd7094985bbf-attachment.txt", "type": "text/plain"}], "parameters": [{"name": "execution_number", "value": "3"}], "start": 1671996375096, "stop": 1671996439423, "uuid": "5efb19cd-b4b8-4dbb-b4b2-0ec954e27ed6", "historyId": "54d1e0aa99e161dd8e89b11981d9f87a", "testCaseId": "56e2ac1a7e9e5b7a8132155cac025e75", "fullName": "tests.test_buy_products#test_buy_product", "labels": [{"name": "parentSuite", "value": "tests"}, {"name": "suite", "value": "test_buy_products"}, {"name": "host", "value": "DESKTOP-7U61FLN"}, {"name": "thread", "value": "14440-MainThread"}, {"name": "framework", "value": "pytest"}, {"name": "language", "value": "cpython3"}, {"name": "package", "value": "tests.test_buy_products"}]}